{"/home/duyisking/Documents/Rezo-projects/universal-react-app/configs/constants.js": {"path":"/home/duyisking/Documents/Rezo-projects/universal-react-app/configs/constants.js","statementMap":{"0":{"start":{"line":1,"column":13},"end":{"line":1,"column":28}},"1":{"start":{"line":2,"column":15},"end":{"line":2,"column":38}},"2":{"start":{"line":6,"column":17},"end":{"line":6,"column":46}},"3":{"start":{"line":8,"column":16},"end":{"line":8,"column":52}},"4":{"start":{"line":9,"column":19},"end":{"line":9,"column":58}},"5":{"start":{"line":10,"column":17},"end":{"line":10,"column":47}},"6":{"start":{"line":11,"column":19},"end":{"line":11,"column":51}},"7":{"start":{"line":13,"column":26},"end":{"line":13,"column":63}},"8":{"start":{"line":14,"column":27},"end":{"line":14,"column":62}},"9":{"start":{"line":15,"column":19},"end":{"line":15,"column":51}},"10":{"start":{"line":17,"column":18},"end":{"line":17,"column":51}},"11":{"start":{"line":19,"column":18},"end":{"line":19,"column":51}},"12":{"start":{"line":20,"column":26},"end":{"line":20,"column":67}},"13":{"start":{"line":22,"column":16},"end":{"line":22,"column":30}},"14":{"start":{"line":23,"column":0},"end":{"line":25,"column":3}},"15":{"start":{"line":24,"column":4},"end":{"line":24,"column":48}},"16":{"start":{"line":27,"column":0},"end":{"line":41,"column":2}}},"fnMap":{"0":{"name":"(anonymous_0)","decl":{"start":{"line":23,"column":36},"end":{"line":23,"column":37}},"loc":{"start":{"line":23,"column":45},"end":{"line":25,"column":1}},"line":23}},"branchMap":{},"s":{"0":1,"1":1,"2":1,"3":1,"4":1,"5":1,"6":1,"7":1,"8":1,"9":1,"10":1,"11":1,"12":1,"13":1,"14":1,"15":1,"16":1},"f":{"0":1},"b":{},"_coverageSchema":"43e27e138ebf9cfc5966b082cf9a028302ed4184","hash":"5653fd1ff70b4093b4e1ec7507b43ed5edb559d0"}
,"/home/duyisking/Documents/Rezo-projects/universal-react-app/configs/scripts/new-component/validate.js": {"path":"/home/duyisking/Documents/Rezo-projects/universal-react-app/configs/scripts/new-component/validate.js","statementMap":{"0":{"start":{"line":1,"column":13},"end":{"line":1,"column":28}},"1":{"start":{"line":2,"column":20},"end":{"line":2,"column":46}},"2":{"start":{"line":10,"column":21},"end":{"line":17,"column":1}},"3":{"start":{"line":11,"column":28},"end":{"line":11,"column":51}},"4":{"start":{"line":12,"column":28},"end":{"line":12,"column":51}},"5":{"start":{"line":13,"column":4},"end":{"line":15,"column":5}},"6":{"start":{"line":13,"column":50},"end":{"line":13,"column":84}},"7":{"start":{"line":14,"column":8},"end":{"line":14,"column":20}},"8":{"start":{"line":16,"column":4},"end":{"line":16,"column":17}},"9":{"start":{"line":23,"column":26},"end":{"line":29,"column":1}},"10":{"start":{"line":24,"column":17},"end":{"line":24,"column":52}},"11":{"start":{"line":25,"column":4},"end":{"line":27,"column":5}},"12":{"start":{"line":26,"column":8},"end":{"line":26,"column":20}},"13":{"start":{"line":28,"column":4},"end":{"line":28,"column":37}},"14":{"start":{"line":30,"column":0},"end":{"line":30,"column":135}},"15":{"start":{"line":36,"column":26},"end":{"line":44,"column":1}},"16":{"start":{"line":37,"column":20},"end":{"line":37,"column":55}},"17":{"start":{"line":38,"column":24},"end":{"line":38,"column":56}},"18":{"start":{"line":39,"column":17},"end":{"line":39,"column":51}},"19":{"start":{"line":40,"column":4},"end":{"line":42,"column":5}},"20":{"start":{"line":41,"column":8},"end":{"line":41,"column":20}},"21":{"start":{"line":43,"column":4},"end":{"line":43,"column":37}},"22":{"start":{"line":45,"column":0},"end":{"line":45,"column":53}}},"fnMap":{"0":{"name":"(anonymous_0)","decl":{"start":{"line":10,"column":21},"end":{"line":10,"column":22}},"loc":{"start":{"line":10,"column":43},"end":{"line":17,"column":1}},"line":10},"1":{"name":"(anonymous_1)","decl":{"start":{"line":13,"column":30},"end":{"line":13,"column":31}},"loc":{"start":{"line":13,"column":50},"end":{"line":13,"column":84}},"line":13},"2":{"name":"(anonymous_2)","decl":{"start":{"line":23,"column":26},"end":{"line":23,"column":27}},"loc":{"start":{"line":23,"column":41},"end":{"line":29,"column":1}},"line":23},"3":{"name":"(anonymous_3)","decl":{"start":{"line":36,"column":26},"end":{"line":36,"column":27}},"loc":{"start":{"line":36,"column":41},"end":{"line":44,"column":1}},"line":36}},"branchMap":{"0":{"loc":{"start":{"line":13,"column":4},"end":{"line":15,"column":5}},"type":"if","locations":[{"start":{"line":13,"column":4},"end":{"line":15,"column":5}},{"start":{"line":13,"column":4},"end":{"line":15,"column":5}}],"line":13},"1":{"loc":{"start":{"line":25,"column":4},"end":{"line":27,"column":5}},"type":"if","locations":[{"start":{"line":25,"column":4},"end":{"line":27,"column":5}},{"start":{"line":25,"column":4},"end":{"line":27,"column":5}}],"line":25},"2":{"loc":{"start":{"line":40,"column":4},"end":{"line":42,"column":5}},"type":"if","locations":[{"start":{"line":40,"column":4},"end":{"line":42,"column":5}},{"start":{"line":40,"column":4},"end":{"line":42,"column":5}}],"line":40}},"s":{"0":1,"1":1,"2":1,"3":13,"4":13,"5":13,"6":112,"7":7,"8":6,"9":1,"10":13,"11":13,"12":4,"13":9,"14":1,"15":1,"16":7,"17":7,"18":7,"19":7,"20":4,"21":3,"22":1},"f":{"0":13,"1":112,"2":13,"3":7},"b":{"0":[7,6],"1":[4,9],"2":[4,3]},"_coverageSchema":"43e27e138ebf9cfc5966b082cf9a028302ed4184","hash":"b7f219af38bb18c2494fb1fdea714c9b8949fc17"}
}
